repo=branch8/kef-cms
BRANCH:master
  [verbose] Scanning repo: .polinrider-tmp-1777562367/kef-cms
  [verbose] Checking next.config.js
  [verbose] Running git grep across 264 branch(es)

[INFECTED] .polinrider-tmp-1777562367/kef-cms

  Working Tree (3 finding(s)):
  - next.config.js: Variant 1 payload (rmcej%otb%) detected
  - next.config.js: Variant 1 decoder (_$_1e42) detected
  - next.config.js: Variant 1 markers (global['!'] + seed) detected

  Branch History (3 branch(es) infected):
  - [git:master] next.config.js: variant 1 (rmcej%otb%)
  - [git:origin/HEAD] next.config.js: variant 1 (rmcej%otb%)
  - [git:origin/master] next.config.js: variant 1 (rmcej%otb%)
BRANCH:staging
  [verbose] Scanning repo: .polinrider-tmp-1777562367/kef-cms
  [verbose] Checking next.config.js

[INFECTED] .polinrider-tmp-1777562367/kef-cms

  Working Tree (3 finding(s)):
  - next.config.js: Variant 1 payload (rmcej%otb%) detected
  - next.config.js: Variant 1 decoder (_$_1e42) detected
  - next.config.js: Variant 1 markers (global['!'] + seed) detected
