repo=branch8/saas-template
BRANCH:main
  [verbose] Scanning repo: .polinrider-tmp-1777562367/saas-template
  [verbose] Checking packages/chatbot-widget/postcss.config.js
  [verbose] Checking packages/ui/eslint.config.mjs
  [verbose] Checking packages/ui/eslint.config.mjs
  [verbose] Checking packages/next/eslint.config.mjs
  [verbose] Checking packages/email-templates/eslint.config.mjs
  [verbose] Checking packages/otp/eslint.config.mjs
  [verbose] Checking packages/shared/eslint.config.mjs
  [verbose] Checking packages/supabase/eslint.config.mjs
  [verbose] Checking packages/chatbot-widget/eslint.config.mjs
  [verbose] Checking packages/database-webhooks/eslint.config.mjs
  [verbose] Checking packages/i18n/eslint.config.mjs
  [verbose] Checking packages/analytics/eslint.config.mjs
  [verbose] Running git grep across 3 branch(es)

[INFECTED] .polinrider-tmp-1777562367/saas-template

  Working Tree (9 finding(s)):
  - .cursor/rules/otp.mdc: Credential access + exfiltration pattern in agent config
  - .cursor/rules/permissions.mdc: Credential access + exfiltration pattern in agent config
  - .cursor/rules/team-account-context.mdc: Credential access + exfiltration pattern in agent config
  - .cursor/rules/database.mdc: Credential access + exfiltration pattern in agent config
  - .cursor/rules/project-structure.mdc: Credential access + exfiltration pattern in agent config
  - .cursor/rules/accounts-context.mdc: Credential access + exfiltration pattern in agent config
  - .cursor/rules/security.mdc: Credential access + exfiltration pattern in agent config
  - .cursor/rules/route-handlers.mdc: Credential access + exfiltration pattern in agent config
  - .cursor/rules/react.mdc: Credential access + exfiltration pattern in agent config

  Branch History (21 branch(es) infected):
  - [git:main] apps/ai-avatars/postcss.config.mjs: variant 1 (rmcej%otb%)
  - [git:main] apps/blog-writer/postcss.config.mjs: variant 1 (rmcej%otb%)
  - [git:main] apps/chatbots/postcss.config.mjs: variant 1 (rmcej%otb%)
  - [git:main] apps/dev-tool/postcss.config.mjs: variant 1 (rmcej%otb%)
  - [git:main] apps/kanban/postcss.config.mjs: variant 1 (rmcej%otb%)
  - [git:main] apps/pdf-chat/postcss.config.mjs: variant 1 (rmcej%otb%)
  - [git:main] apps/web/postcss.config.mjs: variant 1 (rmcej%otb%)
  - [git:origin/HEAD] apps/ai-avatars/postcss.config.mjs: variant 1 (rmcej%otb%)
  - [git:origin/HEAD] apps/blog-writer/postcss.config.mjs: variant 1 (rmcej%otb%)
  - [git:origin/HEAD] apps/chatbots/postcss.config.mjs: variant 1 (rmcej%otb%)
  - [git:origin/HEAD] apps/dev-tool/postcss.config.mjs: variant 1 (rmcej%otb%)
  - [git:origin/HEAD] apps/kanban/postcss.config.mjs: variant 1 (rmcej%otb%)
  - [git:origin/HEAD] apps/pdf-chat/postcss.config.mjs: variant 1 (rmcej%otb%)
  - [git:origin/HEAD] apps/web/postcss.config.mjs: variant 1 (rmcej%otb%)
  - [git:origin/main] apps/ai-avatars/postcss.config.mjs: variant 1 (rmcej%otb%)
  - [git:origin/main] apps/blog-writer/postcss.config.mjs: variant 1 (rmcej%otb%)
  - [git:origin/main] apps/chatbots/postcss.config.mjs: variant 1 (rmcej%otb%)
  - [git:origin/main] apps/dev-tool/postcss.config.mjs: variant 1 (rmcej%otb%)
  - [git:origin/main] apps/kanban/postcss.config.mjs: variant 1 (rmcej%otb%)
  - [git:origin/main] apps/pdf-chat/postcss.config.mjs: variant 1 (rmcej%otb%)
  - [git:origin/main] apps/web/postcss.config.mjs: variant 1 (rmcej%otb%)
